<?xml version="1.0" encoding="UTF-8"?>
<!-- Generated by org.testng.reporters.JUnitXMLReporter -->
<testsuite hostname="DESKTOP-3JIP3OF" name="EP_Automation" tests="9" failures="0" timestamp="26 Apr 2017 10:05:32 GMT" time="288.552" errors="0">
  <testcase name="Login" time="18.952" classname="com.ep.testscripts.TestSuite"/>
  <testcase name="fillingform" time="100.308" classname="com.ep.testscripts.TestSuite"/>
  <testcase name="waitinglistformfilling" time="28.912" classname="com.ep.testscripts.TestSuite"/>
  <testcase name="ContactUs" time="23.887" classname="com.ep.testscripts.TestSuite"/>
  <testcase name="ChangePassword" time="16.762" classname="com.ep.testscripts.TestSuite"/>
  <testcase name="Updateingprofile" time="23.255" classname="com.ep.testscripts.TestSuite"/>
  <testcase name="Taxstatement" time="10.847" classname="com.ep.testscripts.TestSuite"/>
  <testcase name="AccLogout" time="10.694" classname="com.ep.testscripts.TestSuite"/>
  <testcase name="ForgotPassword" time="16.12" classname="com.ep.testscripts.TestSuite"/>
</testsuite> <!-- EP_Automation -->
