<?xml version="1.0" encoding="UTF-8"?>
<testng-results skipped="0" failed="0" total="1" passed="1">
  <reporter-output>
    <line>
      <![CDATA[=====Browser Session Started=====]]>
    </line>
    <line>
      <![CDATA[=====Browser Session End=========]]>
    </line>
  </reporter-output>
  <suite name="EP_Automation" duration-ms="57621" started-at="2016-10-26T10:11:04Z" finished-at="2016-10-26T10:12:02Z">
    <groups>
    </groups>
    <test name="EP_Automation" duration-ms="57621" started-at="2016-10-26T10:11:04Z" finished-at="2016-10-26T10:12:02Z">
      <class name="com.ep.testscripts.TestSuite">
        <test-method status="PASS" signature="setUp(java.lang.String)[pri:0, instance:com.ep.testscripts.TestSuite@37ceb1df]" name="setUp" is-config="true" duration-ms="26301" started-at="2016-10-26T15:41:04Z" finished-at="2016-10-26T15:41:30Z">
          <params>
            <param index="0">
              <value>
                <![CDATA[chrome]]>
              </value>
            </param>
          </params>
          <reporter-output>
            <line>
              <![CDATA[=====Browser Session Started=====]]>
            </line>
          </reporter-output>
        </test-method> <!-- setUp -->
        <test-method status="PASS" signature="SignupProcess(com.ep.datainitialization.DataInt)[pri:0, instance:com.ep.testscripts.TestSuite@37ceb1df]" name="SignupProcess" duration-ms="9142" started-at="2016-10-26T15:41:31Z" description="Signup" data-provider="getsignup" finished-at="2016-10-26T15:41:40Z">
          <params>
            <param index="0">
              <value>
                <![CDATA[com.ep.datainitialization.DataInt@65a4798f]]>
              </value>
            </param>
          </params>
          <reporter-output>
          </reporter-output>
        </test-method> <!-- SignupProcess -->
        <test-method status="PASS" signature="close()[pri:0, instance:com.ep.testscripts.TestSuite@37ceb1df]" name="close" is-config="true" duration-ms="22006" started-at="2016-10-26T15:41:40Z" finished-at="2016-10-26T15:42:02Z">
          <reporter-output>
            <line>
              <![CDATA[=====Browser Session End=========]]>
            </line>
          </reporter-output>
        </test-method> <!-- close -->
      </class> <!-- com.ep.testscripts.TestSuite -->
    </test> <!-- EP_Automation -->
  </suite> <!-- EP_Automation -->
</testng-results>
