<?xml version="1.0" encoding="UTF-8"?>
<testng-results skipped="0" failed="0" total="4" passed="4">
  <reporter-output>
    <line>
      <![CDATA[=====Browser Session Started=====]]>
    </line>
    <line>
      <![CDATA[=====Browser Session End=========]]>
    </line>
  </reporter-output>
  <suite name="EP_Automation" duration-ms="27761" started-at="2018-11-20T09:44:16Z" finished-at="2018-11-20T09:44:44Z">
    <groups>
    </groups>
    <test name="EP_Automation" duration-ms="27761" started-at="2018-11-20T09:44:16Z" finished-at="2018-11-20T09:44:44Z">
      <class name="com.ep.testscripts.TestSuite">
        <test-method status="PASS" signature="setUp(java.lang.String)[pri:0, instance:com.ep.testscripts.TestSuite@c8c12ac]" name="setUp" is-config="true" duration-ms="12927" started-at="2018-11-20T15:14:16Z" finished-at="2018-11-20T15:14:29Z">
          <params>
            <param index="0">
              <value>
                <![CDATA[chrome]]>
              </value>
            </param>
          </params>
          <reporter-output>
            <line>
              <![CDATA[=====Browser Session Started=====]]>
            </line>
          </reporter-output>
        </test-method> <!-- setUp -->
        <test-method status="PASS" signature="Login(com.ep.datainitialization.DataInt)[pri:0, instance:com.ep.testscripts.TestSuite@c8c12ac]" name="Login" duration-ms="7723" started-at="2018-11-20T15:14:29Z" description="Login" data-provider="getLoginandChangepassword" finished-at="2018-11-20T15:14:37Z">
          <params>
            <param index="0">
              <value>
                <![CDATA[com.ep.datainitialization.DataInt@30af5b6b]]>
              </value>
            </param>
          </params>
          <reporter-output>
          </reporter-output>
        </test-method> <!-- Login -->
        <test-method status="PASS" signature="Login(com.ep.datainitialization.DataInt)[pri:0, instance:com.ep.testscripts.TestSuite@c8c12ac]" name="Login" duration-ms="28" started-at="2018-11-20T15:14:37Z" description="Login" data-provider="getLoginandChangepassword" finished-at="2018-11-20T15:14:37Z">
          <params>
            <param index="0">
              <value>
                <![CDATA[com.ep.datainitialization.DataInt@17aad511]]>
              </value>
            </param>
          </params>
          <reporter-output>
          </reporter-output>
        </test-method> <!-- Login -->
        <test-method status="PASS" signature="ChangePassword(com.ep.datainitialization.DataInt)[pri:0, instance:com.ep.testscripts.TestSuite@c8c12ac]" name="ChangePassword" duration-ms="35" started-at="2018-11-20T15:14:37Z" description="Changepassword" data-provider="getLoginandChangepassword" finished-at="2018-11-20T15:14:37Z">
          <params>
            <param index="0">
              <value>
                <![CDATA[com.ep.datainitialization.DataInt@46944ca9]]>
              </value>
            </param>
          </params>
          <reporter-output>
          </reporter-output>
        </test-method> <!-- ChangePassword -->
        <test-method status="PASS" signature="ChangePassword(com.ep.datainitialization.DataInt)[pri:0, instance:com.ep.testscripts.TestSuite@c8c12ac]" name="ChangePassword" duration-ms="1866" started-at="2018-11-20T15:14:37Z" description="Changepassword" data-provider="getLoginandChangepassword" finished-at="2018-11-20T15:14:38Z">
          <params>
            <param index="0">
              <value>
                <![CDATA[com.ep.datainitialization.DataInt@22875539]]>
              </value>
            </param>
          </params>
          <reporter-output>
          </reporter-output>
        </test-method> <!-- ChangePassword -->
        <test-method status="PASS" signature="close()[pri:0, instance:com.ep.testscripts.TestSuite@c8c12ac]" name="close" is-config="true" duration-ms="5001" started-at="2018-11-20T15:14:39Z" finished-at="2018-11-20T15:14:44Z">
          <reporter-output>
            <line>
              <![CDATA[=====Browser Session End=========]]>
            </line>
          </reporter-output>
        </test-method> <!-- close -->
      </class> <!-- com.ep.testscripts.TestSuite -->
    </test> <!-- EP_Automation -->
  </suite> <!-- EP_Automation -->
</testng-results>
